Результаты запусков:
Режим распределения: static
Время выполнения: 1.5261 секунд
---------------------------
Режим распределения: dynamic
Время выполнения: 1.52672 секунд
---------------------------
Режим распределения: guided
Время выполнения: 1.52366 секунд
---------------------------
0:04.57,
Режим распределения: static
Время выполнения: 1.59657 секунд
---------------------------
Режим распределения: dynamic
Время выполнения: 1.55121 секунд
---------------------------
Режим распределения: guided
Время выполнения: 1.53449 секунд
---------------------------
0:04.68,
Режим распределения: static
Время выполнения: 2.33547 секунд
---------------------------
Режим распределения: dynamic
Время выполнения: 2.34483 секунд
---------------------------
Режим распределения: guided
Время выполнения: 2.37725 секунд
---------------------------
0:07.05,
Режим распределения: static
Время выполнения: 3.1099 секунд
---------------------------
Режим распределения: dynamic
Время выполнения: 3.12552 секунд
---------------------------
Режим распределения: guided
Время выполнения: 3.1443 секунд
---------------------------
0:09.38,
Режим распределения: static
Время выполнения: 4.09855 секунд
---------------------------
Режим распределения: dynamic
Время выполнения: 4.15897 секунд
---------------------------
Режим распределения: guided
Время выполнения: 4.12896 секунд
---------------------------
0:12.38,
Режим распределения: static
Время выполнения: 4.92735 секунд
---------------------------
Режим распределения: dynamic
Время выполнения: 4.91391 секунд
---------------------------
Режим распределения: guided
Время выполнения: 4.95377 секунд
---------------------------
0:14.79,
Режим распределения: static
Время выполнения: 6.15218 секунд
---------------------------
Режим распределения: dynamic
Время выполнения: 6.24668 секунд
---------------------------
Режим распределения: guided
Время выполнения: 6.24539 секунд
---------------------------
0:18.64,
Режим распределения: static
Время выполнения: 7.90383 секунд
---------------------------
Режим распределения: dynamic
Время выполнения: 7.59621 секунд
---------------------------
Режим распределения: guided
Время выполнения: 7.7333 секунд
---------------------------
0:23.23,
Режим распределения: static
Время выполнения: 9.28092 секунд
---------------------------
Режим распределения: dynamic
Время выполнения: 9.15022 секунд
---------------------------
Режим распределения: guided
Время выполнения: 8.8535 секунд
---------------------------
0:27.28,
Режим распределения: static
Время выполнения: 9.72827 секунд
---------------------------
Режим распределения: dynamic
Время выполнения: 9.2716 секунд
---------------------------
Режим распределения: guided
Время выполнения: 9.53041 секунд
---------------------------
0:28.53,
Режим распределения: static
Время выполнения: 10.2015 секунд
---------------------------
Режим распределения: dynamic
Время выполнения: 10.1992 секунд
---------------------------
Режим распределения: guided
Время выполнения: 10.3078 секунд
---------------------------
0:30.71,
Режим распределения: static
Время выполнения: 12.2523 секунд
---------------------------
Режим распределения: dynamic
Время выполнения: 12.9909 секунд
---------------------------
Режим распределения: guided
Время выполнения: 11.0963 секунд
---------------------------
0:36.34,
Режим распределения: static
Время выполнения: 12.4804 секунд
---------------------------
Режим распределения: dynamic
Время выполнения: 12.5258 секунд
---------------------------
Режим распределения: guided
Время выполнения: 13.5348 секунд
---------------------------
0:38.54,
Режим распределения: static
Время выполнения: 15.5007 секунд
---------------------------
Режим распределения: dynamic
Время выполнения: 14.8797 секунд
---------------------------
Режим распределения: guided
Время выполнения: 13.1952 секунд
---------------------------
0:43.57,
Режим распределения: static
Время выполнения: 15.8526 секунд
---------------------------
Режим распределения: dynamic
Время выполнения: 14.1595 секунд
---------------------------
Режим распределения: guided
Время выполнения: 15.8179 секунд
---------------------------
0:45.83,
Режим распределения: static
Время выполнения: 16.5568 секунд
---------------------------
Режим распределения: dynamic
Время выполнения: 17.2068 секунд
---------------------------
Режим распределения: guided
Время выполнения: 16.6784 секунд
---------------------------
0:50.44,
Режим распределения: static
Время выполнения: 18.3436 секунд
---------------------------
Режим распределения: dynamic
Время выполнения: 18.9156 секунд
---------------------------
Режим распределения: guided
Время выполнения: 17.8648 секунд
---------------------------
0:55.12,
Режим распределения: static
Время выполнения: 17.7909 секунд
---------------------------
Режим распределения: dynamic
Время выполнения: 17.023 секунд
---------------------------
Режим распределения: guided
Время выполнения: 17.2711 секунд
---------------------------
0:52.08,
