Результаты запусков:
Результаты редукции:
Сумма (атомарные операции): 21474830, Время: 0.0810318 секунд
Сумма (критическая секция): 21474830, Время: 0.243471 секунд
Сумма (замки): 21474830, Время: 0.244613 секунд
Сумма (редукция): 21474830, Время: 0.00673712 секунд
0:00.58,
Результаты редукции:
Сумма (атомарные операции): 21474830, Время: 0.319742 секунд
Сумма (критическая секция): 21474830, Время: 0.335787 секунд
Сумма (замки): 21474830, Время: 0.750222 секунд
Сумма (редукция): 21474830, Время: 0.00391225 секунд
0:01.42,
Результаты редукции:
Сумма (атомарные операции): 21474830, Время: 0.45419 секунд
Сумма (критическая секция): 21474830, Время: 0.499352 секунд
Сумма (замки): 21474830, Время: 0.755746 секунд
Сумма (редукция): 21474830, Время: 0.00420218 секунд
0:01.72,
Результаты редукции:
Сумма (атомарные операции): 21474830, Время: 0.210916 секунд
Сумма (критическая секция): 21474830, Время: 0.385428 секунд
Сумма (замки): 21474830, Время: 0.579572 секунд
Сумма (редукция): 21474830, Время: 0.00472905 секунд
0:01.19,
Результаты редукции:
Сумма (атомарные операции): 21474830, Время: 0.326143 секунд
Сумма (критическая секция): 21474830, Время: 0.472671 секунд
Сумма (замки): 21474830, Время: 0.777249 секунд
Сумма (редукция): 21474830, Время: 0.00430706 секунд
0:01.59,
Результаты редукции:
Сумма (атомарные операции): 21474830, Время: 0.425051 секунд
Сумма (критическая секция): 21474830, Время: 0.436248 секунд
Сумма (замки): 21474830, Время: 0.829308 секунд
Сумма (редукция): 21474830, Время: 0.00315447 секунд
0:01.70,
Результаты редукции:
Сумма (атомарные операции): 21474830, Время: 0.196835 секунд
Сумма (критическая секция): 21474830, Время: 0.465268 секунд
Сумма (замки): 21474830, Время: 0.478328 секунд
Сумма (редукция): 21474830, Время: 0.00351367 секунд
0:01.15,
Результаты редукции:
Сумма (атомарные операции): 21474830, Время: 0.198676 секунд
Сумма (критическая секция): 21474830, Время: 0.504744 секунд
Сумма (замки): 21474830, Время: 0.522106 секунд
Сумма (редукция): 21474830, Время: 0.0040445 секунд
0:01.23,
Результаты редукции:
Сумма (атомарные операции): 21474830, Время: 0.349531 секунд
Сумма (критическая секция): 21474830, Время: 0.354206 секунд
Сумма (замки): 21474830, Время: 0.81699 секунд
Сумма (редукция): 21474830, Время: 0.00445678 секунд
0:01.53,
Результаты редукции:
Сумма (атомарные операции): 21474830, Время: 0.372199 секунд
Сумма (критическая секция): 21474830, Время: 0.466219 секунд
Сумма (замки): 21474830, Время: 0.84306 секунд
Сумма (редукция): 21474830, Время: 0.00380949 секунд
0:01.69,
Результаты редукции:
Сумма (атомарные операции): 21474830, Время: 0.319114 секунд
Сумма (критическая секция): 21474830, Время: 0.486334 секунд
Сумма (замки): 21474830, Время: 0.889728 секунд
Сумма (редукция): 21474830, Время: 0.00418254 секунд
0:01.70,
Результаты редукции:
Сумма (атомарные операции): 21474830, Время: 0.313037 секунд
Сумма (критическая секция): 21474830, Время: 0.459367 секунд
Сумма (замки): 21474830, Время: 0.886487 секунд
Сумма (редукция): 21474830, Время: 0.0046601 секунд
0:01.67,
Результаты редукции:
Сумма (атомарные операции): 21474830, Время: 0.197313 секунд
Сумма (критическая секция): 21474830, Время: 0.4686 секунд
Сумма (замки): 21474830, Время: 0.604504 секунд
Сумма (редукция): 21474830, Время: 0.00381387 секунд
0:01.28,
Результаты редукции:
Сумма (атомарные операции): 21474830, Время: 0.374904 секунд
Сумма (критическая секция): 21474830, Время: 0.376521 секунд
Сумма (замки): 21474830, Время: 0.774137 секунд
Сумма (редукция): 21474830, Время: 0.00322599 секунд
0:01.53,
Результаты редукции:
Сумма (атомарные операции): 21474830, Время: 0.380454 секунд
Сумма (критическая секция): 21474830, Время: 0.490054 секунд
Сумма (замки): 21474830, Время: 0.850565 секунд
Сумма (редукция): 21474830, Время: 0.00412053 секунд
0:01.73,
Результаты редукции:
Сумма (атомарные операции): 21474830, Время: 0.373661 секунд
Сумма (критическая секция): 21474830, Время: 0.541723 секунд
Сумма (замки): 21474830, Время: 0.906795 секунд
Сумма (редукция): 21474830, Время: 0.00372625 секунд
0:01.83,
Результаты редукции:
Сумма (атомарные операции): 21474830, Время: 0.359095 секунд
Сумма (критическая секция): 21474830, Время: 0.467882 секунд
Сумма (замки): 21474830, Время: 0.821149 секунд
Сумма (редукция): 21474830, Время: 0.0033444 секунд
0:01.66,
Результаты редукции:
Сумма (атомарные операции): 21474830, Время: 0.37874 секунд
Сумма (критическая секция): 21474830, Время: 0.469708 секунд
Сумма (замки): 21474830, Время: 0.9015 секунд
Сумма (редукция): 21474830, Время: 0.00379986 секунд
0:01.76,
