Результаты запусков:
Распределение итераций: static
Максимум среди минимумов: 692
Время выполнения: 0.00212281 секунд
---------------------------
Распределение итераций: dynamic
Максимум среди минимумов: 692
Время выполнения: 0.00607345 секунд
---------------------------
Распределение итераций: guided
Максимум среди минимумов: 692
Время выполнения: 0.00209054 секунд
---------------------------
0:03.36,
Распределение итераций: static
Максимум среди минимумов: 692
Время выполнения: 0.00218605 секунд
---------------------------
Распределение итераций: dynamic
Максимум среди минимумов: 692
Время выполнения: 0.00475745 секунд
---------------------------
Распределение итераций: guided
Максимум среди минимумов: 692
Время выполнения: 0.00258732 секунд
---------------------------
0:02.50,
Распределение итераций: static
Максимум среди минимумов: 707
Время выполнения: 0.0016191 секунд
---------------------------
Распределение итераций: dynamic
Максимум среди минимумов: 707
Время выполнения: 0.00459021 секунд
---------------------------
Распределение итераций: guided
Максимум среди минимумов: 707
Время выполнения: 0.00130238 секунд
---------------------------
0:02.48,
Распределение итераций: static
Максимум среди минимумов: 707
Время выполнения: 0.00172566 секунд
---------------------------
Распределение итераций: dynamic
Максимум среди минимумов: 707
Время выполнения: 0.00490491 секунд
---------------------------
Распределение итераций: guided
Максимум среди минимумов: 707
Время выполнения: 0.00136202 секунд
---------------------------
0:02.50,
Распределение итераций: static
Максимум среди минимумов: 699
Время выполнения: 0.00153373 секунд
---------------------------
Распределение итераций: dynamic
Максимум среди минимумов: 699
Время выполнения: 0.00481452 секунд
---------------------------
Распределение итераций: guided
Максимум среди минимумов: 699
Время выполнения: 0.00144355 секунд
---------------------------
0:02.53,
Распределение итераций: static
Максимум среди минимумов: 699
Время выполнения: 0.001804 секунд
---------------------------
Распределение итераций: dynamic
Максимум среди минимумов: 699
Время выполнения: 0.00477638 секунд
---------------------------
Распределение итераций: guided
Максимум среди минимумов: 699
Время выполнения: 0.00129101 секунд
---------------------------
0:02.52,
Распределение итераций: static
Максимум среди минимумов: 744
Время выполнения: 0.00194185 секунд
---------------------------
Распределение итераций: dynamic
Максимум среди минимумов: 744
Время выполнения: 0.00508529 секунд
---------------------------
Распределение итераций: guided
Максимум среди минимумов: 744
Время выполнения: 0.00132109 секунд
---------------------------
0:02.55,
Распределение итераций: static
Максимум среди минимумов: 744
Время выполнения: 0.00169903 секунд
---------------------------
Распределение итераций: dynamic
Максимум среди минимумов: 744
Время выполнения: 0.00462282 секунд
---------------------------
Распределение итераций: guided
Максимум среди минимумов: 744
Время выполнения: 0.00130748 секунд
---------------------------
0:02.49,
Распределение итераций: static
Максимум среди минимумов: 744
Время выполнения: 0.00172009 секунд
---------------------------
Распределение итераций: dynamic
Максимум среди минимумов: 744
Время выполнения: 0.00482254 секунд
---------------------------
Распределение итераций: guided
Максимум среди минимумов: 744
Время выполнения: 0.00136337 секунд
---------------------------
0:02.50,
Распределение итераций: static
Максимум среди минимумов: 744
Время выполнения: 0.0018758 секунд
---------------------------
Распределение итераций: dynamic
Максимум среди минимумов: 744
Время выполнения: 0.00628793 секунд
---------------------------
Распределение итераций: guided
Максимум среди минимумов: 744
Время выполнения: 0.00136248 секунд
---------------------------
0:02.52,
Распределение итераций: static
Максимум среди минимумов: 744
Время выполнения: 0.00174075 секунд
---------------------------
Распределение итераций: dynamic
Максимум среди минимумов: 744
Время выполнения: 0.00469046 секунд
---------------------------
Распределение итераций: guided
Максимум среди минимумов: 744
Время выполнения: 0.0013376 секунд
---------------------------
0:02.52,
Распределение итераций: static
Максимум среди минимумов: 744
Время выполнения: 0.00168294 секунд
---------------------------
Распределение итераций: dynamic
Максимум среди минимумов: 744
Время выполнения: 0.00506507 секунд
---------------------------
Распределение итераций: guided
Максимум среди минимумов: 744
Время выполнения: 0.0013189 секунд
---------------------------
0:02.56,
Распределение итераций: static
Максимум среди минимумов: 744
Время выполнения: 0.00161405 секунд
---------------------------
Распределение итераций: dynamic
Максимум среди минимумов: 744
Время выполнения: 0.00487996 секунд
---------------------------
Распределение итераций: guided
Максимум среди минимумов: 744
Время выполнения: 0.00136881 секунд
---------------------------
0:02.56,
Распределение итераций: static
Максимум среди минимумов: 744
Время выполнения: 0.00175182 секунд
---------------------------
Распределение итераций: dynamic
Максимум среди минимумов: 744
Время выполнения: 0.00469579 секунд
---------------------------
Распределение итераций: guided
Максимум среди минимумов: 744
Время выполнения: 0.00131054 секунд
---------------------------
0:02.49,
Распределение итераций: static
Максимум среди минимумов: 744
Время выполнения: 0.00125705 секунд
---------------------------
Распределение итераций: dynamic
Максимум среди минимумов: 744
Время выполнения: 0.00388731 секунд
---------------------------
Распределение итераций: guided
Максимум среди минимумов: 744
Время выполнения: 0.000773161 секунд
---------------------------
0:02.54,
Распределение итераций: static
Максимум среди минимумов: 744
Время выполнения: 0.00138209 секунд
---------------------------
Распределение итераций: dynamic
Максимум среди минимумов: 744
Время выполнения: 0.00367213 секунд
---------------------------
Распределение итераций: guided
Максимум среди минимумов: 744
Время выполнения: 0.000846715 секунд
---------------------------
0:02.54,
Распределение итераций: static
Максимум среди минимумов: 744
Время выполнения: 0.00179408 секунд
---------------------------
Распределение итераций: dynamic
Максимум среди минимумов: 744
Время выполнения: 0.00475211 секунд
---------------------------
Распределение итераций: guided
Максимум среди минимумов: 744
Время выполнения: 0.00137882 секунд
---------------------------
0:02.72,
Распределение итераций: static
Максимум среди минимумов: 744
Время выполнения: 0.00177312 секунд
---------------------------
Распределение итераций: dynamic
Максимум среди минимумов: 744
Время выполнения: 0.00486475 секунд
---------------------------
Распределение итераций: guided
Максимум среди минимумов: 744
Время выполнения: 0.00140767 секунд
---------------------------
0:02.57,
